2026-04-29 17:57:38,791 - INFO - 
=== 开始执行：消融实验 - 训练基线模型 ===
2026-04-29 17:57:38,793 - INFO - ============================================================
2026-04-29 17:57:38,793 - INFO - 开始解析CSIC 2010数据集...
2026-04-29 17:57:40,483 - INFO - 正常训练请求数: 44000
2026-04-29 17:57:40,483 - INFO - 正常测试请求数: 44000
2026-04-29 17:57:40,484 - INFO - 攻击测试请求数: 35042
2026-04-29 17:57:40,487 - INFO - 构建词汇表...
2026-04-29 17:57:42,722 - INFO - 词汇表大小: 43679
2026-04-29 17:57:42,759 - INFO - 
最终数据集统计:
2026-04-29 17:57:42,762 - INFO - 训练集 - 总数: 98433, 正常: 70400, 攻击: 28033
2026-04-29 17:57:42,763 - INFO - 测试集 - 总数: 24609, 正常: 17600, 攻击: 7009
2026-04-29 17:57:42,763 - INFO - ============================================================
2026-04-29 17:57:47,476 - INFO - 类别权重：正常类=0.5696, 攻击类=1.4304
2026-04-29 17:57:47,476 - INFO - 
初始化模型：【消融基线模型】AblationBaselineDetector...
2026-04-29 17:57:47,517 - INFO - 模型总参数: 6,028,930
2026-04-29 17:57:51,181 - INFO - 
开始训练模型...
2026-04-29 17:58:29,724 - INFO - 
Epoch  1/20
2026-04-29 17:58:29,725 - INFO - 训练损失: 0.3035 | 训练准确率: 83.01%
2026-04-29 17:58:29,725 - INFO - 验证损失: 0.2432 | 验证准确率: 86.28%
2026-04-29 17:58:29,726 - INFO - 当前最优验证准确率: 86.28% | 早停计数: 0/5
2026-04-29 17:58:29,726 - INFO - ------------------------------------------------------------
2026-04-29 17:59:05,720 - INFO - 
Epoch  2/20
2026-04-29 17:59:05,720 - INFO - 训练损失: 0.1534 | 训练准确率: 92.50%
2026-04-29 17:59:05,720 - INFO - 验证损失: 1.1886 | 验证准确率: 83.08%
2026-04-29 17:59:05,720 - INFO - 当前最优验证准确率: 86.28% | 早停计数: 1/5
2026-04-29 17:59:05,720 - INFO - ------------------------------------------------------------
2026-04-29 17:59:39,383 - INFO - 
Epoch  3/20
2026-04-29 17:59:39,384 - INFO - 训练损失: 0.1258 | 训练准确率: 93.55%
2026-04-29 17:59:39,384 - INFO - 验证损失: 1.2764 | 验证准确率: 84.77%
2026-04-29 17:59:39,384 - INFO - 当前最优验证准确率: 86.28% | 早停计数: 2/5
2026-04-29 17:59:39,384 - INFO - ------------------------------------------------------------
2026-04-29 18:00:13,162 - INFO - 
Epoch  4/20
2026-04-29 18:00:13,162 - INFO - 训练损失: 0.1151 | 训练准确率: 93.71%
2026-04-29 18:00:13,163 - INFO - 验证损失: 2.0448 | 验证准确率: 84.18%
2026-04-29 18:00:13,163 - INFO - 当前最优验证准确率: 86.28% | 早停计数: 3/5
2026-04-29 18:00:13,163 - INFO - ------------------------------------------------------------
2026-04-29 18:00:46,710 - INFO - 
Epoch  5/20
2026-04-29 18:00:46,710 - INFO - 训练损失: 0.1076 | 训练准确率: 94.04%
2026-04-29 18:00:46,711 - INFO - 验证损失: 1.9399 | 验证准确率: 84.29%
2026-04-29 18:00:46,711 - INFO - 当前最优验证准确率: 86.28% | 早停计数: 4/5
2026-04-29 18:00:46,711 - INFO - ------------------------------------------------------------
2026-04-29 18:01:20,264 - INFO - 
Epoch  6/20
2026-04-29 18:01:20,265 - INFO - 训练损失: 0.1039 | 训练准确率: 94.14%
2026-04-29 18:01:20,265 - INFO - 验证损失: 1.7602 | 验证准确率: 83.08%
2026-04-29 18:01:20,265 - INFO - 当前最优验证准确率: 86.28% | 早停计数: 5/5
2026-04-29 18:01:20,265 - INFO - ------------------------------------------------------------
2026-04-29 18:01:20,265 - INFO - 
早停触发！在第6轮停止训练
2026-04-29 18:01:20,266 - INFO - 
训练完成！最优模型已保存为 best_ablation_model.pth（最优验证准确率：86.28%）
2026-04-29 18:01:20,281 - INFO - 
=== 操作执行完成 ===
2026-04-29 18:02:15,416 - INFO - 
=== 开始执行：消融实验 - 测试基线模型 ===
2026-04-29 18:02:16,726 - INFO - 
加载训练好的模型：消融基线模型...
2026-04-29 18:02:28,714 - INFO - 
============================================================
2026-04-29 18:02:28,714 - INFO - 【消融基线模型】批量测试结果（阈值 = 0.50）
2026-04-29 18:02:28,714 - INFO - ============================================================
2026-04-29 18:02:28,771 - INFO - 
              precision    recall  f1-score   support

  Normal（正常）     0.9377    0.8723    0.9039     44000
  Attack（攻击）     0.8526    0.9273    0.8884     35042

    accuracy                         0.8967     79042
   macro avg     0.8952    0.8998    0.8961     79042
weighted avg     0.9000    0.8967    0.8970     79042

2026-04-29 18:02:28,808 - INFO - AUC值（攻击类）: 0.9726
2026-04-29 18:02:28,843 - INFO - 
混淆矩阵:
2026-04-29 18:02:28,843 - INFO -           预测正常  预测攻击
2026-04-29 18:02:28,844 - INFO - 实际正常    38383       5617
2026-04-29 18:02:28,844 - INFO - 实际攻击    2549       32493
2026-04-29 18:02:38,003 - INFO - 
============================================================
2026-04-29 18:02:38,004 - INFO - 【消融基线模型】批量测试结果（阈值 = 0.60）
2026-04-29 18:02:38,004 - INFO - ============================================================
2026-04-29 18:02:38,054 - INFO - 
              precision    recall  f1-score   support

  Normal（正常）     0.8567    0.9696    0.9097     44000
  Attack（攻击）     0.9542    0.7964    0.8682     35042

    accuracy                         0.8928     79042
   macro avg     0.9055    0.8830    0.8889     79042
weighted avg     0.9000    0.8928    0.8913     79042

2026-04-29 18:02:38,083 - INFO - AUC值（攻击类）: 0.9726
2026-04-29 18:02:38,117 - INFO - 
混淆矩阵:
2026-04-29 18:02:38,117 - INFO -           预测正常  预测攻击
2026-04-29 18:02:38,117 - INFO - 实际正常    42661       1339
2026-04-29 18:02:38,118 - INFO - 实际攻击    7134       27908
2026-04-29 18:02:47,681 - INFO - 
============================================================
2026-04-29 18:02:47,681 - INFO - 【消融基线模型】批量测试结果（阈值 = 0.70）
2026-04-29 18:02:47,681 - INFO - ============================================================
2026-04-29 18:02:47,747 - INFO - 
              precision    recall  f1-score   support

  Normal（正常）     0.8298    0.9812    0.8992     44000
  Attack（攻击）     0.9695    0.7473    0.8440     35042

    accuracy                         0.8775     79042
   macro avg     0.8996    0.8643    0.8716     79042
weighted avg     0.8917    0.8775    0.8747     79042

2026-04-29 18:02:47,774 - INFO - AUC值（攻击类）: 0.9726
2026-04-29 18:02:47,819 - INFO - 
混淆矩阵:
2026-04-29 18:02:47,820 - INFO -           预测正常  预测攻击
2026-04-29 18:02:47,820 - INFO - 实际正常    43175       825
2026-04-29 18:02:47,820 - INFO - 实际攻击    8855       26187
2026-04-29 18:02:58,706 - INFO - 
============================================================
2026-04-29 18:02:58,706 - INFO - 【消融基线模型】批量测试结果（阈值 = 0.80）
2026-04-29 18:02:58,707 - INFO - ============================================================
2026-04-29 18:02:58,767 - INFO - 
              precision    recall  f1-score   support

  Normal（正常）     0.8099    0.9885    0.8903     44000
  Attack（攻击）     0.9800    0.7086    0.8225     35042

    accuracy                         0.8644     79042
   macro avg     0.8949    0.8485    0.8564     79042
weighted avg     0.8853    0.8644    0.8602     79042

2026-04-29 18:02:58,803 - INFO - AUC值（攻击类）: 0.9726
2026-04-29 18:02:58,848 - INFO - 
混淆矩阵:
2026-04-29 18:02:58,848 - INFO -           预测正常  预测攻击
2026-04-29 18:02:58,848 - INFO - 实际正常    43492       508
2026-04-29 18:02:58,848 - INFO - 实际攻击    10210       24832
2026-04-29 18:03:09,856 - INFO - 
============================================================
2026-04-29 18:03:09,856 - INFO - 【消融基线模型】批量测试结果（阈值 = 0.90）
2026-04-29 18:03:09,857 - INFO - ============================================================
2026-04-29 18:03:09,924 - INFO - 
              precision    recall  f1-score   support

  Normal（正常）     0.7590    0.9934    0.8605     44000
  Attack（攻击）     0.9865    0.6040    0.7492     35042

    accuracy                         0.8208     79042
   macro avg     0.8728    0.7987    0.8049     79042
weighted avg     0.8599    0.8208    0.8112     79042

2026-04-29 18:03:09,958 - INFO - AUC值（攻击类）: 0.9726
2026-04-29 18:03:10,007 - INFO - 
混淆矩阵:
2026-04-29 18:03:10,007 - INFO -           预测正常  预测攻击
2026-04-29 18:03:10,008 - INFO - 实际正常    43711       289
2026-04-29 18:03:10,008 - INFO - 实际攻击    13878       21164
2026-04-29 18:03:10,021 - INFO - 
=== 操作执行完成 ===
