2026-03-17 16:43:15,249 - INFO - 
=== 开始执行：仅训练模型 ===
2026-03-17 16:43:15,250 - INFO - ============================================================
2026-03-17 16:43:15,250 - INFO - 开始解析CSIC 2010数据集...
2026-03-17 16:43:16,789 - INFO - 正常训练请求数: 44000
2026-03-17 16:43:16,789 - INFO - 正常测试请求数: 44000
2026-03-17 16:43:16,789 - INFO - 攻击测试请求数: 35042
2026-03-17 16:43:16,793 - INFO - 构建词汇表...
2026-03-17 16:43:19,445 - INFO - 词汇表大小: 43679
2026-03-17 16:43:19,477 - INFO - 
最终数据集统计:
2026-03-17 16:43:19,479 - INFO - 训练集 - 总数: 98433, 正常: 70400, 攻击: 28033
2026-03-17 16:43:19,480 - INFO - 测试集 - 总数: 24609, 正常: 17600, 攻击: 7009
2026-03-17 16:43:19,480 - INFO - ============================================================
2026-03-17 16:43:24,584 - INFO - 类别权重：正常类=0.5696, 攻击类=1.4304
2026-03-17 16:43:24,585 - INFO - 
初始化注入攻击检测模型...
2026-03-17 16:43:24,634 - INFO - 模型总参数: 6,057,666
2026-03-17 16:43:27,774 - INFO - 
开始训练模型...
2026-03-17 16:44:12,269 - INFO - 
Epoch  1/20
2026-03-17 16:44:12,269 - INFO - 训练损失: 0.3058 | 训练准确率: 82.00%
2026-03-17 16:44:12,270 - INFO - 测试损失: 0.1553 | 测试准确率: 93.19%
2026-03-17 16:44:12,270 - INFO - 当前最优测试准确率: 93.19% | 早停计数: 0/5
2026-03-17 16:44:12,270 - INFO - ------------------------------------------------------------
2026-03-17 16:44:54,720 - INFO - 
Epoch  2/20
2026-03-17 16:44:54,720 - INFO - 训练损失: 0.1255 | 训练准确率: 93.96%
2026-03-17 16:44:54,721 - INFO - 测试损失: 0.1744 | 测试准确率: 93.13%
2026-03-17 16:44:54,721 - INFO - 当前最优测试准确率: 93.19% | 早停计数: 1/5
2026-03-17 16:44:54,721 - INFO - ------------------------------------------------------------
2026-03-17 16:45:37,132 - INFO - 
Epoch  3/20
2026-03-17 16:45:37,132 - INFO - 训练损失: 0.1093 | 训练准确率: 94.21%
2026-03-17 16:45:37,132 - INFO - 测试损失: 0.7795 | 测试准确率: 87.12%
2026-03-17 16:45:37,133 - INFO - 当前最优测试准确率: 93.19% | 早停计数: 2/5
2026-03-17 16:45:37,133 - INFO - ------------------------------------------------------------
2026-03-17 16:46:19,571 - INFO - 
Epoch  4/20
2026-03-17 16:46:19,571 - INFO - 训练损失: 0.1032 | 训练准确率: 94.45%
2026-03-17 16:46:19,571 - INFO - 测试损失: 0.8203 | 测试准确率: 88.55%
2026-03-17 16:46:19,572 - INFO - 当前最优测试准确率: 93.19% | 早停计数: 3/5
2026-03-17 16:46:19,572 - INFO - ------------------------------------------------------------
2026-03-17 16:47:01,927 - INFO - 
Epoch  5/20
2026-03-17 16:47:01,927 - INFO - 训练损失: 0.0977 | 训练准确率: 94.55%
2026-03-17 16:47:01,928 - INFO - 测试损失: 1.4754 | 测试准确率: 84.88%
2026-03-17 16:47:01,928 - INFO - 当前最优测试准确率: 93.19% | 早停计数: 4/5
2026-03-17 16:47:01,928 - INFO - ------------------------------------------------------------
2026-03-17 16:47:45,167 - INFO - 
Epoch  6/20
2026-03-17 16:47:45,167 - INFO - 训练损失: 0.0960 | 训练准确率: 94.32%
2026-03-17 16:47:45,168 - INFO - 测试损失: 2.1881 | 测试准确率: 84.96%
2026-03-17 16:47:45,168 - INFO - 当前最优测试准确率: 93.19% | 早停计数: 5/5
2026-03-17 16:47:45,168 - INFO - ------------------------------------------------------------
2026-03-17 16:47:45,168 - INFO - 
早停触发！在第6轮停止训练
2026-03-17 16:47:45,168 - INFO - 
训练完成！最优模型已保存为 best_csic_model.pth（最优准确率：93.19%）
2026-03-17 16:47:45,186 - INFO - 
=== 操作执行完成 ===
2026-03-17 16:52:45,478 - INFO - 
=== 开始执行：仅测试模型 ===
2026-03-17 16:52:46,881 - INFO - 
加载训练好的模型...
2026-03-17 16:53:01,689 - INFO - 
============================================================
2026-03-17 16:53:01,689 - INFO - 模型批量测试结果（阈值 = 0.50）
2026-03-17 16:53:01,690 - INFO - ============================================================
2026-03-17 16:53:01,751 - INFO - 
              precision    recall  f1-score   support

  Normal（正常）     0.9209    0.9661    0.9430     44000
  Attack（攻击）     0.9547    0.8958    0.9243     35042

    accuracy                         0.9350     79042
   macro avg     0.9378    0.9310    0.9336     79042
weighted avg     0.9359    0.9350    0.9347     79042

2026-03-17 16:53:01,786 - INFO - AUC值（攻击类）: 0.9869
2026-03-17 16:53:01,815 - INFO - 
混淆矩阵:
2026-03-17 16:53:01,815 - INFO -           预测正常  预测攻击
2026-03-17 16:53:01,815 - INFO - 实际正常    42510       1490
2026-03-17 16:53:01,816 - INFO - 实际攻击    3651       31391
2026-03-17 16:53:02,922 - INFO - 可视化结果已保存：roc_curve_th0.50.png, confusion_matrix_th0.50.png
2026-03-17 16:53:14,600 - INFO - 
============================================================
2026-03-17 16:53:14,601 - INFO - 模型批量测试结果（阈值 = 0.60）
2026-03-17 16:53:14,601 - INFO - ============================================================
2026-03-17 16:53:14,659 - INFO - 
              precision    recall  f1-score   support

  Normal（正常）     0.9102    0.9764    0.9421     44000
  Attack（攻击）     0.9673    0.8791    0.9211     35042

    accuracy                         0.9333     79042
   macro avg     0.9388    0.9277    0.9316     79042
weighted avg     0.9356    0.9333    0.9328     79042

2026-03-17 16:53:14,688 - INFO - AUC值（攻击类）: 0.9869
2026-03-17 16:53:14,721 - INFO - 
混淆矩阵:
2026-03-17 16:53:14,721 - INFO -           预测正常  预测攻击
2026-03-17 16:53:14,721 - INFO - 实际正常    42960       1040
2026-03-17 16:53:14,721 - INFO - 实际攻击    4236       30806
2026-03-17 16:53:15,251 - INFO - 可视化结果已保存：roc_curve_th0.60.png, confusion_matrix_th0.60.png
2026-03-17 16:53:27,048 - INFO - 
============================================================
2026-03-17 16:53:27,049 - INFO - 模型批量测试结果（阈值 = 0.70）
2026-03-17 16:53:27,049 - INFO - ============================================================
2026-03-17 16:53:27,103 - INFO - 
              precision    recall  f1-score   support

  Normal（正常）     0.8971    0.9885    0.9406     44000
  Attack（攻击）     0.9834    0.8577    0.9162     35042

    accuracy                         0.9305     79042
   macro avg     0.9403    0.9231    0.9284     79042
weighted avg     0.9354    0.9305    0.9298     79042

2026-03-17 16:53:27,131 - INFO - AUC值（攻击类）: 0.9869
2026-03-17 16:53:27,164 - INFO - 
混淆矩阵:
2026-03-17 16:53:27,165 - INFO -           预测正常  预测攻击
2026-03-17 16:53:27,165 - INFO - 实际正常    43493       507
2026-03-17 16:53:27,165 - INFO - 实际攻击    4988       30054
2026-03-17 16:53:27,719 - INFO - 可视化结果已保存：roc_curve_th0.70.png, confusion_matrix_th0.70.png
2026-03-17 16:53:39,589 - INFO - 
============================================================
2026-03-17 16:53:39,589 - INFO - 模型批量测试结果（阈值 = 0.80）
2026-03-17 16:53:39,589 - INFO - ============================================================
2026-03-17 16:53:39,646 - INFO - 
              precision    recall  f1-score   support

  Normal（正常）     0.8879    0.9952    0.9385     44000
  Attack（攻击）     0.9929    0.8422    0.9114     35042

    accuracy                         0.9274     79042
   macro avg     0.9404    0.9187    0.9249     79042
weighted avg     0.9345    0.9274    0.9265     79042

2026-03-17 16:53:39,678 - INFO - AUC值（攻击类）: 0.9869
2026-03-17 16:53:39,710 - INFO - 
混淆矩阵:
2026-03-17 16:53:39,711 - INFO -           预测正常  预测攻击
2026-03-17 16:53:39,711 - INFO - 实际正常    43790       210
2026-03-17 16:53:39,711 - INFO - 实际攻击    5529       29513
2026-03-17 16:53:40,236 - INFO - 可视化结果已保存：roc_curve_th0.80.png, confusion_matrix_th0.80.png
2026-03-17 16:53:52,112 - INFO - 
============================================================
2026-03-17 16:53:52,113 - INFO - 模型批量测试结果（阈值 = 0.90）
2026-03-17 16:53:52,113 - INFO - ============================================================
2026-03-17 16:53:52,172 - INFO - 
              precision    recall  f1-score   support

  Normal（正常）     0.8767    0.9966    0.9328     44000
  Attack（攻击）     0.9949    0.8240    0.9014     35042

    accuracy                         0.9201     79042
   macro avg     0.9358    0.9103    0.9171     79042
weighted avg     0.9291    0.9201    0.9189     79042

2026-03-17 16:53:52,206 - INFO - AUC值（攻击类）: 0.9869
2026-03-17 16:53:52,240 - INFO - 
混淆矩阵:
2026-03-17 16:53:52,240 - INFO -           预测正常  预测攻击
2026-03-17 16:53:52,240 - INFO - 实际正常    43852       148
2026-03-17 16:53:52,240 - INFO - 实际攻击    6167       28875
2026-03-17 16:53:52,764 - INFO - 可视化结果已保存：roc_curve_th0.90.png, confusion_matrix_th0.90.png
2026-03-17 16:53:52,767 - INFO - 
开始单样本测试（使用阈值0.5）...
2026-03-17 16:53:52,767 - INFO - 
============================================================
2026-03-17 16:53:52,767 - INFO - 单样本测试结果（阈值 = 0.50）
2026-03-17 16:53:52,767 - INFO - ============================================================
2026-03-17 16:53:52,777 - INFO - 原始请求（前150字符）: GET /index.html HTTP/1.1
Host: example.com
User-Agent: Mozilla/5.0...
2026-03-17 16:53:52,778 - INFO - 预测结果: Attack
2026-03-17 16:53:52,778 - INFO - 正常概率: 0.0372
2026-03-17 16:53:52,778 - INFO - 攻击概率: 0.9628
2026-03-17 16:53:52,778 - INFO - 预测置信度: 0.9628
2026-03-17 16:53:53,037 - INFO - 注意力权重图已保存：attention_weights_th0.50.png
2026-03-17 16:53:53,037 - INFO - 
============================================================
2026-03-17 16:53:53,037 - INFO - 单样本测试结果（阈值 = 0.50）
2026-03-17 16:53:53,037 - INFO - ============================================================
2026-03-17 16:53:53,041 - INFO - 原始请求（前150字符）: GET /products.php?id=1' OR '1'='1-- HTTP/1.1
Host: test.com...
2026-03-17 16:53:53,042 - INFO - 预测结果: Attack
2026-03-17 16:53:53,042 - INFO - 正常概率: 0.0008
2026-03-17 16:53:53,042 - INFO - 攻击概率: 0.9992
2026-03-17 16:53:53,042 - INFO - 预测置信度: 0.9992
2026-03-17 16:53:53,277 - INFO - 注意力权重图已保存：attention_weights_th0.50.png
2026-03-17 16:53:53,277 - INFO - 
============================================================
2026-03-17 16:53:53,277 - INFO - 单样本测试结果（阈值 = 0.50）
2026-03-17 16:53:53,277 - INFO - ============================================================
2026-03-17 16:53:53,281 - INFO - 原始请求（前150字符）: POST /execute.php HTTP/1.1
cmd=ls -la; cat /etc/passwd...
2026-03-17 16:53:53,281 - INFO - 预测结果: Attack
2026-03-17 16:53:53,281 - INFO - 正常概率: 0.0007
2026-03-17 16:53:53,282 - INFO - 攻击概率: 0.9993
2026-03-17 16:53:53,282 - INFO - 预测置信度: 0.9993
2026-03-17 16:53:53,517 - INFO - 注意力权重图已保存：attention_weights_th0.50.png
2026-03-17 16:53:53,517 - INFO - 
============================================================
2026-03-17 16:53:53,517 - INFO - 单样本测试结果（阈值 = 0.50）
2026-03-17 16:53:53,518 - INFO - ============================================================
2026-03-17 16:53:53,521 - INFO - 原始请求（前150字符）: GET /search?q=%27%20OR%201%3D1%23 HTTP/1.1...
2026-03-17 16:53:53,521 - INFO - 预测结果: Attack
2026-03-17 16:53:53,521 - INFO - 正常概率: 0.0000
2026-03-17 16:53:53,521 - INFO - 攻击概率: 1.0000
2026-03-17 16:53:53,522 - INFO - 预测置信度: 1.0000
2026-03-17 16:53:53,758 - INFO - 注意力权重图已保存：attention_weights_th0.50.png
2026-03-17 16:53:53,758 - INFO - 
测试完成！
2026-03-17 16:53:53,773 - INFO - 
=== 操作执行完成 ===
